autoscan: warning: missing AC_PROG_INSTALL wanted by: 
	native/pkg-config/Makefile:37
	native/libtool/Makefile:33
	native/MarkupSafe/Makefile:20
	native/swig/Makefile:32
	native/waylandpp-scanner/Makefile:35
	native/libpng/Makefile:33
	native/python3/Makefile:36
	native/Mako/Makefile:20
	native/cmake/Makefile:41
	native/expat/Makefile:23
	native/autoconf-archive/Makefile:26
	native/libjpeg-turbo/Makefile:30
	native/nasm/Makefile:30
	native/TexturePacker/Makefile:48
	native/liblzo2/Makefile:32
	native/zlib/Makefile:32
	native/heimdal/Makefile:35
	native/xz/Makefile:23
	native/ninja/Makefile:26
	native/meson/Makefile:23
	native/gettext/Makefile:45
	native/autoconf/Makefile:28
	native/perlmodule-parseyapp/Makefile:31
	native/wayland-scanner/Makefile:27
	native/m4/Makefile:30
	native/JsonSchemaBuilder/Makefile:38
	native/flatbuffers/Makefile:60
	native/pcre/Makefile:35
	native/pugixml/Makefile:35
	native/tar/Makefile:36
	native/automake/Makefile:31
	native/libffi/Makefile:33
	native/dpkg/Makefile:37
	target/mesa/Makefile:86
	target/p8-platform/Makefile:27
	target/gmp/Makefile:59
	target/libiconv/Makefile:31
	target/ffmpeg/Makefile:60
	target/tinyxml/Makefile:31
	target/pythonmodule-pycryptodome/Makefile:42
	target/libuuid/Makefile:32
	target/libxml2/Makefile:29
	target/nghttp2/Makefile:24
	target/libplist/Makefile:31
	target/wayland-protocols/Makefile:34
	target/wayland-protocols/Makefile:43
	target/samba-gplv3/Makefile:91
	target/samba-gplv3/Makefile:92
	target/libpng/Makefile:36
	target/libxslt/Makefile:25
	target/python3/Makefile:84
	target/taglib/Makefile:20
	target/nettle/Makefile:34
	target/mariadb/Makefile:37
	target/freetype2/Makefile:42
	target/fmt/Makefile:39
	target/fmt/Makefile:52
	target/expat/Makefile:26
	target/libdvdread/Makefile:52
	target/libjpeg-turbo/Makefile:19
	target/harfbuzz/Makefile:54
	target/libbluray/Makefile:34
	target/crossguid/Makefile:41
	target/crossguid/Makefile:51
	target/mtdev/Makefile:29
	target/libdrm/Makefile:68
	target/libnfs/Makefile:25
	target/libinput/Makefile:47
	target/waylandpp/Makefile:39
	target/waylandpp/Makefile:51
	target/libevdev/Makefile:29
	target/dbus/Makefile:30
	target/libgpg-error/Makefile:37
	target/libdvdnav/Makefile:53
	target/fribidi/Makefile:39
	target/liblzo2/Makefile:20
	target/zlib/Makefile:25
	target/xz/Makefile:29
	target/pythonmodule-pil/Makefile:76
	target/libgcrypt/Makefile:46
	target/fontconfig/Makefile:38
	target/wayland/Makefile:25
	target/libdvdcss/Makefile:42
	target/spdlog/Makefile:46
	target/spdlog/Makefile:58
	target/libandroidjni/Makefile:18
	target/curl/Makefile:34
	target/curl/Makefile:35
	target/gtest/Makefile:17
	target/libcdio-gplv3/Makefile:37
	target/libcdio-gplv3/Makefile:38
	target/pipewire/Makefile:100
	target/gettext/Makefile:37
	target/libmicrohttpd/Makefile:39
	target/sqlite3/Makefile:32
	target/libxkbcommon/Makefile:29
	target/udfread/Makefile:35
	target/dav1d/Makefile:74
	target/libshairplay/Makefile:32
	target/libcec/Makefile:34
	target/libva/Makefile:54
	target/rapidjson/Makefile:38
	target/rapidjson/Makefile:51
	target/libcdio/Makefile:34
	target/libcdio/Makefile:35
	target/alsa-lib/Makefile:41
	target/alsa-lib/Makefile:42
	target/flatbuffers/Makefile:43
	target/flatbuffers/Makefile:52
	target/pcre/Makefile:51
	target/freetype2-noharfbuzz/Makefile:43
	target/libzip/Makefile:24
	target/pythonmodule-setuptools/Makefile:13
	target/libusb/Makefile:31
	target/libass/Makefile:41
	target/libudev/Makefile:30
	target/cmakebuildsys/Makefile:51
	target/libsdl/Makefile:37
	target/bzip2/Makefile:25
	target/libffi/Makefile:25
	target/gnutls/Makefile:48
	pre-depends/autoconf-pre-depends/Makefile:35
	pre-depends/m4-pre-depends/Makefile:34
autoscan: warning: missing AC_PROG_LN_S wanted by: 
	native/pkg-config/Makefile:31
	native/tar/Makefile:38
	native/tar/Makefile:38
	target/Makefile:195
	target/Makefile:196
	target/Makefile:197
	target/Makefile:198
	target/Makefile:199
	target/Makefile:200
	target/Makefile:201
	target/Makefile:202
	target/Makefile:203
	target/Makefile:204
	target/Makefile:205
	target/Makefile:206
	target/Makefile:207
	target/Makefile:208
	target/Makefile:209
	target/Makefile:210
	target/Makefile:211
	target/Makefile:212
	target/Makefile:213
	target/Makefile:214
	target/Makefile:215
	target/Makefile:216
	target/Makefile:217
	target/Makefile:218
	target/Makefile:219
	target/Makefile:220
	target/Makefile:221
	target/Makefile:222
	target/Makefile:223
	target/Makefile:224
	target/Makefile:225
	target/Makefile:226
	target/Makefile:227
	target/Makefile:228
	target/Makefile:232
	target/Makefile:233
	target/Makefile:234
	target/Makefile:235
	target/wayland-protocols/Makefile:44
	target/waylandpp/Makefile:54
	target/wayland/Makefile:30
	native/pkg-config/Makefile:31
	native/pkg-config/Makefile:31
autoscan: warning: missing AC_PROG_MAKE_SET wanted by: 
	native/heimdal/Makefile:28
	native/heimdal/Makefile:29
	native/heimdal/Makefile:30
	native/heimdal/Makefile:31
	native/heimdal/Makefile:32
	target/wayland-protocols/Makefile:34
	target/fmt/Makefile:39
	target/crossguid/Makefile:41
	target/waylandpp/Makefile:39
	target/spdlog/Makefile:46
	target/flatbuffers/Makefile:43
